TN:
SF:src\use-cases\submit-feedback-use-case.ts
FN:11,SubmitFeedbackUseCase
FN:16,execute
FNF:2
FNH:2
FNDA:1,SubmitFeedbackUseCase
FNDA:4,execute
DA:1,1
DA:2,1
DA:3,1
DA:4,1
DA:5,1
DA:6,1
DA:7,1
DA:8,1
DA:9,1
DA:10,1
DA:11,1
DA:12,1
DA:13,1
DA:14,1
DA:15,1
DA:16,1
DA:17,4
DA:18,4
DA:19,4
DA:20,1
DA:21,1
DA:22,3
DA:23,3
DA:24,3
DA:25,3
DA:26,3
DA:27,3
DA:28,3
DA:29,3
DA:30,3
DA:31,3
DA:32,3
DA:33,3
DA:34,3
DA:35,3
DA:36,3
DA:37,3
DA:38,3
DA:39,3
DA:40,1
LF:40
LH:40
BRDA:11,0,0,1
BRDA:16,1,0,4
BRDA:19,2,0,1
BRDA:22,3,0,3
BRF:4
BRH:4
end_of_record
